#! c:/iverilog-x64/bin/vvp
:ivl_version "10.1 (stable)" "(v10_1_1)";
:ivl_delay_selection "TYPICAL";
:vpi_time_precision + 0;
:vpi_module "system";
:vpi_module "vhdl_sys";
:vpi_module "v2005_math";
:vpi_module "va_math";
S_00000000030ce1d0 .scope module, "test" "test" 2 23;
 .timescale 0 0;
v000000000490c230_0 .var "clk", 0 0;
v000000000490c2d0_0 .var "i", 0 0;
v000000000490c370_0 .net "q", 0 0, v000000000490c050_0;  1 drivers
v000000000490c410_0 .net "qbar", 0 0, v000000000490c0f0_0;  1 drivers
v000000000490c4b0_0 .var "sr", 1 0;
S_00000000030ce350 .scope module, "t" "SRFlipFlop" 2 27, 2 1 0, S_00000000030ce1d0;
 .timescale 0 0;
    .port_info 0 /INPUT 2 "sr"
    .port_info 1 /OUTPUT 1 "q"
    .port_info 2 /OUTPUT 1 "qbar"
    .port_info 3 /INPUT 1 "clk"
v00000000030ce4d0_0 .net "clk", 0 0, v000000000490c230_0;  1 drivers
v000000000490c050_0 .var "q", 0 0;
v000000000490c0f0_0 .var "qbar", 0 0;
v000000000490c190_0 .net "sr", 1 0, v000000000490c4b0_0;  1 drivers
E_00000000048b9790 .event posedge, v00000000030ce4d0_0;
    .scope S_00000000030ce350;
T_0 ;
    %pushi/vec4 0, 0, 1;
    %store/vec4 v000000000490c050_0, 0, 1;
    %load/vec4 v000000000490c050_0;
    %inv;
    %store/vec4 v000000000490c0f0_0, 0, 1;
    %end;
    .thread T_0;
    .scope S_00000000030ce350;
T_1 ;
    %wait E_00000000048b9790;
    %load/vec4 v000000000490c190_0;
    %dup/vec4;
    %pushi/vec4 0, 0, 2;
    %cmp/u;
    %jmp/1 T_1.0, 6;
    %dup/vec4;
    %pushi/vec4 1, 0, 2;
    %cmp/u;
    %jmp/1 T_1.1, 6;
    %dup/vec4;
    %pushi/vec4 2, 0, 2;
    %cmp/u;
    %jmp/1 T_1.2, 6;
    %dup/vec4;
    %pushi/vec4 3, 0, 2;
    %cmp/u;
    %jmp/1 T_1.3, 6;
    %jmp T_1.4;
T_1.0 ;
    %load/vec4 v000000000490c050_0;
    %store/vec4 v000000000490c050_0, 0, 1;
    %jmp T_1.4;
T_1.1 ;
    %pushi/vec4 0, 0, 1;
    %store/vec4 v000000000490c050_0, 0, 1;
    %jmp T_1.4;
T_1.2 ;
    %pushi/vec4 1, 0, 1;
    %store/vec4 v000000000490c050_0, 0, 1;
    %jmp T_1.4;
T_1.3 ;
    %pushi/vec4 0, 1, 1;
    %store/vec4 v000000000490c050_0, 0, 1;
    %jmp T_1.4;
T_1.4 ;
    %pop/vec4 1;
    %load/vec4 v000000000490c050_0;
    %inv;
    %store/vec4 v000000000490c0f0_0, 0, 1;
    %jmp T_1;
    .thread T_1;
    .scope S_00000000030ce1d0;
T_2 ;
    %pushi/vec4 0, 0, 1;
    %store/vec4 v000000000490c230_0, 0, 1;
    %pushi/vec4 0, 0, 1;
    %store/vec4 v000000000490c2d0_0, 0, 1;
T_2.0 ;
    %load/vec4 v000000000490c2d0_0;
    %pad/u 32;
    %cmpi/u 8, 0, 32;
    %jmp/0xz T_2.1, 5;
    %delay 5, 0;
    %load/vec4 v000000000490c230_0;
    %inv;
    %store/vec4 v000000000490c230_0, 0, 1;
    %load/vec4 v000000000490c2d0_0;
    %pushi/vec4 1, 0, 1;
    %add;
    %store/vec4 v000000000490c2d0_0, 0, 1;
    %jmp T_2.0;
T_2.1 ;
    %end;
    .thread T_2;
    .scope S_00000000030ce1d0;
T_3 ;
    %vpi_call 2 36 "$dumpfile", "q10.vcd" {0 0 0};
    %vpi_call 2 37 "$dumpvars", 32'sb00000000000000000000000000000000, S_00000000030ce1d0 {0 0 0};
    %vpi_call 2 38 "$display", "CLK\011S\011R\011Q\011Qbar" {0 0 0};
    %vpi_call 2 39 "$monitor", "%b\011%b\011%b\011%b\011%b", v000000000490c230_0, &PV<v000000000490c4b0_0, 1, 1>, &PV<v000000000490c4b0_0, 0, 1>, v000000000490c370_0, v000000000490c410_0 {0 0 0};
    %pushi/vec4 0, 0, 2;
    %store/vec4 v000000000490c4b0_0, 0, 2;
    %delay 10, 0;
    %pushi/vec4 1, 0, 2;
    %store/vec4 v000000000490c4b0_0, 0, 2;
    %delay 10, 0;
    %pushi/vec4 2, 0, 2;
    %store/vec4 v000000000490c4b0_0, 0, 2;
    %delay 10, 0;
    %pushi/vec4 3, 0, 2;
    %store/vec4 v000000000490c4b0_0, 0, 2;
    %delay 10, 0;
    %vpi_call 2 43 "$finish" {0 0 0};
    %end;
    .thread T_3;
# The file index is used to find the file name in the following table.
:file_names 3;
    "N/A";
    "<interactive>";
    "q10.v";
