#! c:/iverilog-x64/bin/vvp
:ivl_version "10.1 (stable)" "(v10_1_1)";
:ivl_delay_selection "TYPICAL";
:vpi_time_precision + 0;
:vpi_module "system";
:vpi_module "vhdl_sys";
:vpi_module "v2005_math";
:vpi_module "va_math";
S_0000000002bde280 .scope module, "test" "test" 2 23;
 .timescale 0 0;
v0000000004392c40_0 .var "clk", 0 0;
v0000000004392ce0_0 .var "i", 0 0;
v0000000004392d80_0 .var "jk", 1 0;
v000000000441c360_0 .net "q", 0 0, v0000000002bde4a0_0;  1 drivers
v000000000441c400_0 .net "qbar", 0 0, v0000000004392ba0_0;  1 drivers
S_0000000004392a20 .scope module, "t" "JKFlipFlop" 2 27, 2 1 0, S_0000000002bde280;
 .timescale 0 0;
    .port_info 0 /INPUT 2 "jk"
    .port_info 1 /OUTPUT 1 "q"
    .port_info 2 /OUTPUT 1 "qbar"
    .port_info 3 /INPUT 1 "clk"
v00000000043cb610_0 .net "clk", 0 0, v0000000004392c40_0;  1 drivers
v0000000002bde400_0 .net "jk", 1 0, v0000000004392d80_0;  1 drivers
v0000000002bde4a0_0 .var "q", 0 0;
v0000000004392ba0_0 .var "qbar", 0 0;
E_00000000043c9100 .event posedge, v00000000043cb610_0;
    .scope S_0000000004392a20;
T_0 ;
    %pushi/vec4 0, 0, 1;
    %store/vec4 v0000000002bde4a0_0, 0, 1;
    %load/vec4 v0000000002bde4a0_0;
    %inv;
    %store/vec4 v0000000004392ba0_0, 0, 1;
    %end;
    .thread T_0;
    .scope S_0000000004392a20;
T_1 ;
    %wait E_00000000043c9100;
    %load/vec4 v0000000002bde400_0;
    %dup/vec4;
    %pushi/vec4 0, 0, 2;
    %cmp/u;
    %jmp/1 T_1.0, 6;
    %dup/vec4;
    %pushi/vec4 1, 0, 2;
    %cmp/u;
    %jmp/1 T_1.1, 6;
    %dup/vec4;
    %pushi/vec4 2, 0, 2;
    %cmp/u;
    %jmp/1 T_1.2, 6;
    %dup/vec4;
    %pushi/vec4 3, 0, 2;
    %cmp/u;
    %jmp/1 T_1.3, 6;
    %jmp T_1.4;
T_1.0 ;
    %load/vec4 v0000000002bde4a0_0;
    %store/vec4 v0000000002bde4a0_0, 0, 1;
    %jmp T_1.4;
T_1.1 ;
    %pushi/vec4 0, 0, 1;
    %store/vec4 v0000000002bde4a0_0, 0, 1;
    %jmp T_1.4;
T_1.2 ;
    %pushi/vec4 1, 0, 1;
    %store/vec4 v0000000002bde4a0_0, 0, 1;
    %jmp T_1.4;
T_1.3 ;
    %load/vec4 v0000000002bde4a0_0;
    %inv;
    %store/vec4 v0000000002bde4a0_0, 0, 1;
    %jmp T_1.4;
T_1.4 ;
    %pop/vec4 1;
    %load/vec4 v0000000002bde4a0_0;
    %inv;
    %store/vec4 v0000000004392ba0_0, 0, 1;
    %jmp T_1;
    .thread T_1;
    .scope S_0000000002bde280;
T_2 ;
    %pushi/vec4 0, 0, 1;
    %store/vec4 v0000000004392c40_0, 0, 1;
    %pushi/vec4 0, 0, 1;
    %store/vec4 v0000000004392ce0_0, 0, 1;
T_2.0 ;
    %load/vec4 v0000000004392ce0_0;
    %pad/u 32;
    %cmpi/u 8, 0, 32;
    %jmp/0xz T_2.1, 5;
    %delay 5, 0;
    %load/vec4 v0000000004392c40_0;
    %inv;
    %store/vec4 v0000000004392c40_0, 0, 1;
    %load/vec4 v0000000004392ce0_0;
    %pushi/vec4 1, 0, 1;
    %add;
    %store/vec4 v0000000004392ce0_0, 0, 1;
    %jmp T_2.0;
T_2.1 ;
    %end;
    .thread T_2;
    .scope S_0000000002bde280;
T_3 ;
    %vpi_call 2 36 "$dumpfile", "q11.vcd" {0 0 0};
    %vpi_call 2 37 "$dumpvars", 32'sb00000000000000000000000000000000, S_0000000002bde280 {0 0 0};
    %vpi_call 2 38 "$display", "CLK\011S\011R\011Q\011Qbar" {0 0 0};
    %vpi_call 2 39 "$monitor", "%b\011%b\011%b\011%b\011%b", v0000000004392c40_0, &PV<v0000000004392d80_0, 1, 1>, &PV<v0000000004392d80_0, 0, 1>, v000000000441c360_0, v000000000441c400_0 {0 0 0};
    %pushi/vec4 0, 0, 2;
    %store/vec4 v0000000004392d80_0, 0, 2;
    %delay 10, 0;
    %pushi/vec4 1, 0, 2;
    %store/vec4 v0000000004392d80_0, 0, 2;
    %delay 10, 0;
    %pushi/vec4 2, 0, 2;
    %store/vec4 v0000000004392d80_0, 0, 2;
    %delay 10, 0;
    %pushi/vec4 3, 0, 2;
    %store/vec4 v0000000004392d80_0, 0, 2;
    %delay 10, 0;
    %vpi_call 2 43 "$finish" {0 0 0};
    %end;
    .thread T_3;
# The file index is used to find the file name in the following table.
:file_names 3;
    "N/A";
    "<interactive>";
    "q11.v";
