#! c:/iverilog-x64/bin/vvp
:ivl_version "10.1 (stable)" "(v10_1_1)";
:ivl_delay_selection "TYPICAL";
:vpi_time_precision + 0;
:vpi_module "system";
:vpi_module "vhdl_sys";
:vpi_module "v2005_math";
:vpi_module "va_math";
S_00000000028dd840 .scope module, "test" "test" 2 20;
 .timescale 0 0;
v0000000004832c20_0 .var "clk", 0 0;
v0000000004832cc0_0 .var "d", 0 0;
v0000000004832d60_0 .var "i", 0 0;
v00000000048bc410_0 .net "q", 0 0, v0000000004832ae0_0;  1 drivers
v00000000048bc4b0_0 .net "qbar", 0 0, v0000000004832b80_0;  1 drivers
S_00000000028dd9c0 .scope module, "t" "DFlipFlop" 2 23, 2 1 0, S_00000000028dd840;
 .timescale 0 0;
    .port_info 0 /INPUT 1 "d"
    .port_info 1 /OUTPUT 1 "q"
    .port_info 2 /OUTPUT 1 "qbar"
    .port_info 3 /INPUT 1 "clk"
v00000000028ddb40_0 .net "clk", 0 0, v0000000004832c20_0;  1 drivers
v0000000004832a40_0 .net "d", 0 0, v0000000004832cc0_0;  1 drivers
v0000000004832ae0_0 .var "q", 0 0;
v0000000004832b80_0 .var "qbar", 0 0;
E_000000000486b310 .event posedge, v00000000028ddb40_0;
    .scope S_00000000028dd9c0;
T_0 ;
    %pushi/vec4 0, 0, 1;
    %store/vec4 v0000000004832ae0_0, 0, 1;
    %load/vec4 v0000000004832ae0_0;
    %inv;
    %store/vec4 v0000000004832b80_0, 0, 1;
    %end;
    .thread T_0;
    .scope S_00000000028dd9c0;
T_1 ;
    %wait E_000000000486b310;
    %load/vec4 v0000000004832a40_0;
    %dup/vec4;
    %pushi/vec4 0, 0, 1;
    %cmp/u;
    %jmp/1 T_1.0, 6;
    %dup/vec4;
    %pushi/vec4 1, 0, 1;
    %cmp/u;
    %jmp/1 T_1.1, 6;
    %jmp T_1.2;
T_1.0 ;
    %pushi/vec4 0, 0, 1;
    %store/vec4 v0000000004832ae0_0, 0, 1;
    %jmp T_1.2;
T_1.1 ;
    %pushi/vec4 1, 0, 1;
    %store/vec4 v0000000004832ae0_0, 0, 1;
    %jmp T_1.2;
T_1.2 ;
    %pop/vec4 1;
    %load/vec4 v0000000004832ae0_0;
    %inv;
    %store/vec4 v0000000004832b80_0, 0, 1;
    %jmp T_1;
    .thread T_1;
    .scope S_00000000028dd840;
T_2 ;
    %pushi/vec4 0, 0, 1;
    %store/vec4 v0000000004832c20_0, 0, 1;
    %pushi/vec4 0, 0, 1;
    %store/vec4 v0000000004832d60_0, 0, 1;
T_2.0 ;
    %load/vec4 v0000000004832d60_0;
    %pad/u 32;
    %cmpi/u 8, 0, 32;
    %jmp/0xz T_2.1, 5;
    %delay 5, 0;
    %load/vec4 v0000000004832c20_0;
    %inv;
    %store/vec4 v0000000004832c20_0, 0, 1;
    %load/vec4 v0000000004832d60_0;
    %pushi/vec4 1, 0, 1;
    %add;
    %store/vec4 v0000000004832d60_0, 0, 1;
    %jmp T_2.0;
T_2.1 ;
    %end;
    .thread T_2;
    .scope S_00000000028dd840;
T_3 ;
    %vpi_call 2 33 "$dumpfile", "q12.vcd" {0 0 0};
    %vpi_call 2 34 "$dumpvars", 32'sb00000000000000000000000000000000, S_00000000028dd840 {0 0 0};
    %vpi_call 2 35 "$display", "CLK\011D\011Q\011Qbar" {0 0 0};
    %vpi_call 2 36 "$monitor", "%b\011%b\011%b\011%b", v0000000004832c20_0, v0000000004832cc0_0, v00000000048bc410_0, v00000000048bc4b0_0 {0 0 0};
    %pushi/vec4 0, 0, 1;
    %store/vec4 v0000000004832cc0_0, 0, 1;
    %delay 10, 0;
    %pushi/vec4 1, 0, 1;
    %store/vec4 v0000000004832cc0_0, 0, 1;
    %delay 10, 0;
    %pushi/vec4 0, 0, 1;
    %store/vec4 v0000000004832cc0_0, 0, 1;
    %delay 10, 0;
    %pushi/vec4 1, 0, 1;
    %store/vec4 v0000000004832cc0_0, 0, 1;
    %delay 10, 0;
    %vpi_call 2 40 "$finish" {0 0 0};
    %end;
    .thread T_3;
# The file index is used to find the file name in the following table.
:file_names 3;
    "N/A";
    "<interactive>";
    "q12.v";
