#! c:/iverilog-x64/bin/vvp
:ivl_version "10.1 (stable)" "(v10_1_1)";
:ivl_delay_selection "TYPICAL";
:vpi_time_precision + 0;
:vpi_module "system";
:vpi_module "vhdl_sys";
:vpi_module "v2005_math";
:vpi_module "va_math";
S_000000000002e0d0 .scope module, "test" "test" 2 20;
 .timescale 0 0;
v00000000028bcb90_0 .var "clk", 0 0;
v00000000028bcc30_0 .var "i", 0 0;
v00000000028bccd0_0 .net "q", 0 0, v00000000028686a0_0;  1 drivers
v00000000028bcd70_0 .net "qbar", 0 0, v00000000028bca50_0;  1 drivers
v00000000028bce10_0 .var "t", 0 0;
S_000000000002e250 .scope module, "tff" "TFlipFlop" 2 23, 2 1 0, S_000000000002e0d0;
 .timescale 0 0;
    .port_info 0 /INPUT 1 "t"
    .port_info 1 /OUTPUT 1 "q"
    .port_info 2 /OUTPUT 1 "qbar"
    .port_info 3 /INPUT 1 "clk"
v000000000002e3d0_0 .net "clk", 0 0, v00000000028bcb90_0;  1 drivers
v00000000028686a0_0 .var "q", 0 0;
v00000000028bca50_0 .var "qbar", 0 0;
v00000000028bcaf0_0 .net "t", 0 0, v00000000028bce10_0;  1 drivers
E_000000000286a1c0 .event posedge, v000000000002e3d0_0;
    .scope S_000000000002e250;
T_0 ;
    %pushi/vec4 0, 0, 1;
    %store/vec4 v00000000028686a0_0, 0, 1;
    %load/vec4 v00000000028686a0_0;
    %inv;
    %store/vec4 v00000000028bca50_0, 0, 1;
    %end;
    .thread T_0;
    .scope S_000000000002e250;
T_1 ;
    %wait E_000000000286a1c0;
    %load/vec4 v00000000028bcaf0_0;
    %dup/vec4;
    %pushi/vec4 0, 0, 1;
    %cmp/u;
    %jmp/1 T_1.0, 6;
    %dup/vec4;
    %pushi/vec4 1, 0, 1;
    %cmp/u;
    %jmp/1 T_1.1, 6;
    %jmp T_1.2;
T_1.0 ;
    %load/vec4 v00000000028686a0_0;
    %store/vec4 v00000000028686a0_0, 0, 1;
    %jmp T_1.2;
T_1.1 ;
    %load/vec4 v00000000028686a0_0;
    %inv;
    %store/vec4 v00000000028686a0_0, 0, 1;
    %jmp T_1.2;
T_1.2 ;
    %pop/vec4 1;
    %load/vec4 v00000000028686a0_0;
    %inv;
    %store/vec4 v00000000028bca50_0, 0, 1;
    %jmp T_1;
    .thread T_1;
    .scope S_000000000002e0d0;
T_2 ;
    %pushi/vec4 0, 0, 1;
    %store/vec4 v00000000028bcb90_0, 0, 1;
    %pushi/vec4 0, 0, 1;
    %store/vec4 v00000000028bcc30_0, 0, 1;
T_2.0 ;
    %load/vec4 v00000000028bcc30_0;
    %pad/u 32;
    %cmpi/u 8, 0, 32;
    %jmp/0xz T_2.1, 5;
    %delay 5, 0;
    %load/vec4 v00000000028bcb90_0;
    %inv;
    %store/vec4 v00000000028bcb90_0, 0, 1;
    %load/vec4 v00000000028bcc30_0;
    %pushi/vec4 1, 0, 1;
    %add;
    %store/vec4 v00000000028bcc30_0, 0, 1;
    %jmp T_2.0;
T_2.1 ;
    %end;
    .thread T_2;
    .scope S_000000000002e0d0;
T_3 ;
    %vpi_call 2 32 "$dumpfile", "q13.vcd" {0 0 0};
    %vpi_call 2 33 "$dumpvars", 32'sb00000000000000000000000000000000, S_000000000002e0d0 {0 0 0};
    %vpi_call 2 34 "$display", "CLK\011T\011Q\011Qbar" {0 0 0};
    %vpi_call 2 35 "$monitor", "%b\011%b\011%b\011%b", v00000000028bcb90_0, v00000000028bce10_0, v00000000028bccd0_0, v00000000028bcd70_0 {0 0 0};
    %pushi/vec4 0, 0, 1;
    %store/vec4 v00000000028bce10_0, 0, 1;
    %delay 10, 0;
    %pushi/vec4 1, 0, 1;
    %store/vec4 v00000000028bce10_0, 0, 1;
    %delay 10, 0;
    %pushi/vec4 0, 0, 1;
    %store/vec4 v00000000028bce10_0, 0, 1;
    %delay 10, 0;
    %pushi/vec4 1, 0, 1;
    %store/vec4 v00000000028bce10_0, 0, 1;
    %delay 10, 0;
    %vpi_call 2 39 "$finish" {0 0 0};
    %end;
    .thread T_3;
# The file index is used to find the file name in the following table.
:file_names 3;
    "N/A";
    "<interactive>";
    "q13.v";
