#! c:/iverilog-x64/bin/vvp
:ivl_version "10.1 (stable)" "(v10_1_1)";
:ivl_delay_selection "TYPICAL";
:vpi_time_precision + 0;
:vpi_module "system";
:vpi_module "vhdl_sys";
:vpi_module "v2005_math";
:vpi_module "va_math";
S_000000000300ed20 .scope module, "DSyncReset" "DSyncReset" 2 2;
 .timescale 0 0;
    .port_info 0 /INPUT 1 "d"
    .port_info 1 /OUTPUT 1 "q"
    .port_info 2 /OUTPUT 1 "qbar"
    .port_info 3 /INPUT 1 "clk"
    .port_info 4 /INPUT 1 "reset"
o0000000003011448 .functor BUFZ 1, C4<z>; HiZ drive
v0000000002fd3600_0 .net "clk", 0 0, o0000000003011448;  0 drivers
o0000000003011478 .functor BUFZ 1, C4<z>; HiZ drive
v000000000311ec70_0 .net "d", 0 0, o0000000003011478;  0 drivers
v000000000311ed10_0 .var "q", 0 0;
v000000000311edb0_0 .var "qbar", 0 0;
o0000000003011508 .functor BUFZ 1, C4<z>; HiZ drive
v000000000311ee50_0 .net "reset", 0 0, o0000000003011508;  0 drivers
E_000000000300f210 .event posedge, v0000000002fd3600_0;
S_000000000311eaf0 .scope module, "test" "test" 2 30;
 .timescale 0 0;
v0000000002fd2cc0_0 .var "clk", 0 0;
v0000000002fd2d60_0 .var "d", 0 0;
v0000000003069f70_0 .var "i", 0 0;
v000000000306ae20_0 .net "q", 0 0, v0000000002fd2ae0_0;  1 drivers
v000000000306a240_0 .net "qbar", 0 0, v0000000002fd2b80_0;  1 drivers
v000000000306a2e0_0 .var "reset", 0 0;
S_0000000003061d40 .scope module, "t" "DASyncReset" 2 33, 2 16 0, S_000000000311eaf0;
 .timescale 0 0;
    .port_info 0 /INPUT 1 "d"
    .port_info 1 /OUTPUT 1 "q"
    .port_info 2 /OUTPUT 1 "qbar"
    .port_info 3 /INPUT 1 "clk"
    .port_info 4 /INPUT 1 "reset"
v0000000003061ec0_0 .net "clk", 0 0, v0000000002fd2cc0_0;  1 drivers
v0000000002fd2a40_0 .net "d", 0 0, v0000000002fd2d60_0;  1 drivers
v0000000002fd2ae0_0 .var "q", 0 0;
v0000000002fd2b80_0 .var "qbar", 0 0;
v0000000002fd2c20_0 .net "reset", 0 0, v000000000306a2e0_0;  1 drivers
E_000000000300fad0/0 .event edge, v0000000002fd2c20_0;
E_000000000300fad0/1 .event posedge, v0000000003061ec0_0;
E_000000000300fad0 .event/or E_000000000300fad0/0, E_000000000300fad0/1;
    .scope S_000000000300ed20;
T_0 ;
    %wait E_000000000300f210;
    %load/vec4 v000000000311ee50_0;
    %flag_set/vec4 8;
    %jmp/0xz  T_0.0, 8;
    %pushi/vec4 0, 0, 1;
    %store/vec4 v000000000311ed10_0, 0, 1;
    %jmp T_0.1;
T_0.0 ;
    %load/vec4 v000000000311ec70_0;
    %store/vec4 v000000000311ed10_0, 0, 1;
T_0.1 ;
    %load/vec4 v000000000311ed10_0;
    %inv;
    %store/vec4 v000000000311edb0_0, 0, 1;
    %jmp T_0;
    .thread T_0;
    .scope S_0000000003061d40;
T_1 ;
    %wait E_000000000300fad0;
    %load/vec4 v0000000002fd2c20_0;
    %flag_set/vec4 8;
    %jmp/0xz  T_1.0, 8;
    %pushi/vec4 0, 0, 1;
    %store/vec4 v0000000002fd2ae0_0, 0, 1;
    %jmp T_1.1;
T_1.0 ;
    %load/vec4 v0000000002fd2a40_0;
    %store/vec4 v0000000002fd2ae0_0, 0, 1;
T_1.1 ;
    %load/vec4 v0000000002fd2ae0_0;
    %inv;
    %store/vec4 v0000000002fd2b80_0, 0, 1;
    %jmp T_1;
    .thread T_1;
    .scope S_000000000311eaf0;
T_2 ;
    %pushi/vec4 0, 0, 1;
    %store/vec4 v0000000002fd2cc0_0, 0, 1;
    %pushi/vec4 0, 0, 1;
    %store/vec4 v0000000003069f70_0, 0, 1;
T_2.0 ;
    %load/vec4 v0000000003069f70_0;
    %pad/u 32;
    %cmpi/u 16, 0, 32;
    %jmp/0xz T_2.1, 5;
    %delay 5, 0;
    %load/vec4 v0000000002fd2cc0_0;
    %inv;
    %store/vec4 v0000000002fd2cc0_0, 0, 1;
    %load/vec4 v0000000003069f70_0;
    %pushi/vec4 1, 0, 1;
    %add;
    %store/vec4 v0000000003069f70_0, 0, 1;
    %jmp T_2.0;
T_2.1 ;
    %end;
    .thread T_2;
    .scope S_000000000311eaf0;
T_3 ;
    %vpi_call 2 42 "$dumpfile", "q14.vcd" {0 0 0};
    %vpi_call 2 43 "$dumpvars", 32'sb00000000000000000000000000000000, S_000000000311eaf0 {0 0 0};
    %vpi_call 2 44 "$display", "CLK\011D\011RST\011Q\011Qbar" {0 0 0};
    %vpi_call 2 45 "$monitor", "%b\011%b\011%b\011%b\011%b", v0000000002fd2cc0_0, v0000000002fd2d60_0, v000000000306a2e0_0, v000000000306ae20_0, v000000000306a240_0 {0 0 0};
    %pushi/vec4 0, 0, 1;
    %store/vec4 v000000000306a2e0_0, 0, 1;
    %delay 2, 0;
    %pushi/vec4 0, 0, 1;
    %store/vec4 v0000000002fd2d60_0, 0, 1;
    %delay 2, 0;
    %pushi/vec4 0, 0, 1;
    %store/vec4 v000000000306a2e0_0, 0, 1;
    %delay 2, 0;
    %pushi/vec4 1, 0, 1;
    %store/vec4 v0000000002fd2d60_0, 0, 1;
    %delay 2, 0;
    %pushi/vec4 1, 0, 1;
    %store/vec4 v000000000306a2e0_0, 0, 1;
    %delay 2, 0;
    %pushi/vec4 0, 0, 1;
    %store/vec4 v0000000002fd2d60_0, 0, 1;
    %delay 2, 0;
    %pushi/vec4 1, 0, 1;
    %store/vec4 v000000000306a2e0_0, 0, 1;
    %delay 2, 0;
    %pushi/vec4 1, 0, 1;
    %store/vec4 v0000000002fd2d60_0, 0, 1;
    %delay 2, 0;
    %pushi/vec4 0, 0, 1;
    %store/vec4 v000000000306a2e0_0, 0, 1;
    %delay 2, 0;
    %pushi/vec4 0, 0, 1;
    %store/vec4 v0000000002fd2d60_0, 0, 1;
    %delay 2, 0;
    %pushi/vec4 0, 0, 1;
    %store/vec4 v000000000306a2e0_0, 0, 1;
    %delay 2, 0;
    %pushi/vec4 1, 0, 1;
    %store/vec4 v0000000002fd2d60_0, 0, 1;
    %delay 2, 0;
    %pushi/vec4 1, 0, 1;
    %store/vec4 v000000000306a2e0_0, 0, 1;
    %delay 2, 0;
    %pushi/vec4 0, 0, 1;
    %store/vec4 v0000000002fd2d60_0, 0, 1;
    %delay 2, 0;
    %pushi/vec4 1, 0, 1;
    %store/vec4 v000000000306a2e0_0, 0, 1;
    %delay 2, 0;
    %pushi/vec4 1, 0, 1;
    %store/vec4 v0000000002fd2d60_0, 0, 1;
    %delay 2, 0;
    %vpi_call 2 54 "$finish" {0 0 0};
    %end;
    .thread T_3;
# The file index is used to find the file name in the following table.
:file_names 3;
    "N/A";
    "<interactive>";
    "q14.v";
