#! c:/iverilog-x64/bin/vvp
:ivl_version "10.1 (stable)" "(v10_1_1)";
:ivl_delay_selection "TYPICAL";
:vpi_time_precision + 0;
:vpi_module "system";
:vpi_module "vhdl_sys";
:vpi_module "v2005_math";
:vpi_module "va_math";
S_000000000309d970 .scope module, "test" "test" 2 17;
 .timescale 0 0;
v00000000048ddbf0_0 .var "clk", 0 0;
v00000000048de2d0_0 .net "count", 3 0, v00000000048de190_0;  1 drivers
v00000000048ddd30_0 .var "enable", 0 0;
v00000000048dddd0_0 .var "i", 0 0;
v00000000048ddb50_0 .var "rst", 0 0;
S_0000000004852a40 .scope module, "t" "counter" 2 20, 2 2 0, S_000000000309d970;
 .timescale 0 0;
    .port_info 0 /INPUT 1 "clk"
    .port_info 1 /INPUT 1 "enable"
    .port_info 2 /INPUT 1 "rst"
    .port_info 3 /OUTPUT 4 "count"
v000000000488bb40_0 .net "clk", 0 0, v00000000048ddbf0_0;  1 drivers
v00000000048de190_0 .var "count", 3 0;
v00000000048ddc90_0 .net "enable", 0 0, v00000000048ddd30_0;  1 drivers
v00000000048de230_0 .net "rst", 0 0, v00000000048ddb50_0;  1 drivers
E_0000000004889d90 .event posedge, v000000000488bb40_0;
    .scope S_0000000004852a40;
T_0 ;
    %wait E_0000000004889d90;
    %load/vec4 v00000000048de230_0;
    %flag_set/vec4 8;
    %jmp/0xz  T_0.0, 8;
    %pushi/vec4 0, 0, 4;
    %store/vec4 v00000000048de190_0, 0, 4;
    %jmp T_0.1;
T_0.0 ;
    %load/vec4 v00000000048ddc90_0;
    %pad/u 32;
    %cmpi/e 1, 0, 32;
    %jmp/0xz  T_0.2, 4;
    %load/vec4 v00000000048de190_0;
    %addi 1, 0, 4;
    %store/vec4 v00000000048de190_0, 0, 4;
T_0.2 ;
T_0.1 ;
    %jmp T_0;
    .thread T_0;
    .scope S_000000000309d970;
T_1 ;
    %pushi/vec4 0, 0, 1;
    %store/vec4 v00000000048ddbf0_0, 0, 1;
    %pushi/vec4 0, 0, 1;
    %store/vec4 v00000000048dddd0_0, 0, 1;
T_1.0 ;
    %load/vec4 v00000000048dddd0_0;
    %pad/u 32;
    %cmpi/u 50, 0, 32;
    %jmp/0xz T_1.1, 5;
    %delay 1, 0;
    %load/vec4 v00000000048ddbf0_0;
    %inv;
    %store/vec4 v00000000048ddbf0_0, 0, 1;
    %load/vec4 v00000000048dddd0_0;
    %pushi/vec4 1, 0, 1;
    %add;
    %store/vec4 v00000000048dddd0_0, 0, 1;
    %jmp T_1.0;
T_1.1 ;
    %end;
    .thread T_1;
    .scope S_000000000309d970;
T_2 ;
    %vpi_call 2 29 "$dumpfile", "q15.vcd" {0 0 0};
    %vpi_call 2 30 "$dumpvars", 32'sb00000000000000000000000000000000, S_000000000309d970 {0 0 0};
    %vpi_call 2 31 "$display", "clk\011en\011rst\011count" {0 0 0};
    %vpi_call 2 32 "$monitor", "%b\011%b\011%b\011%b", v00000000048ddbf0_0, v00000000048ddd30_0, v00000000048ddb50_0, v00000000048de2d0_0 {0 0 0};
    %pushi/vec4 1, 0, 1;
    %store/vec4 v00000000048ddd30_0, 0, 1;
    %pushi/vec4 1, 0, 1;
    %store/vec4 v00000000048ddb50_0, 0, 1;
    %delay 5, 0;
    %pushi/vec4 1, 0, 1;
    %store/vec4 v00000000048ddd30_0, 0, 1;
    %pushi/vec4 0, 0, 1;
    %store/vec4 v00000000048ddb50_0, 0, 1;
    %delay 20, 0;
    %pushi/vec4 0, 0, 1;
    %store/vec4 v00000000048ddd30_0, 0, 1;
    %pushi/vec4 0, 0, 1;
    %store/vec4 v00000000048ddb50_0, 0, 1;
    %delay 5, 0;
    %pushi/vec4 1, 0, 1;
    %store/vec4 v00000000048ddd30_0, 0, 1;
    %pushi/vec4 0, 0, 1;
    %store/vec4 v00000000048ddb50_0, 0, 1;
    %delay 15, 0;
    %pushi/vec4 0, 0, 1;
    %store/vec4 v00000000048ddd30_0, 0, 1;
    %pushi/vec4 1, 0, 1;
    %store/vec4 v00000000048ddb50_0, 0, 1;
    %delay 5, 0;
    %vpi_call 2 38 "$finish" {0 0 0};
    %end;
    .thread T_2;
# The file index is used to find the file name in the following table.
:file_names 3;
    "N/A";
    "<interactive>";
    "q15.v";
