#! c:/iverilog-x64/bin/vvp
:ivl_version "10.1 (stable)" "(v10_1_1)";
:ivl_delay_selection "TYPICAL";
:vpi_time_precision + 0;
:vpi_module "system";
:vpi_module "vhdl_sys";
:vpi_module "v2005_math";
:vpi_module "va_math";
S_0000000002f3c100 .scope module, "test" "test" 2 12;
 .timescale 0 0;
v0000000002f8f100_0 .var "a", 0 0;
v0000000002f8e7a0_0 .var "b", 0 0;
v0000000002f8e340_0 .net "c", 0 0, L_000000000307e3a0;  1 drivers
v0000000002f8efc0_0 .net "d", 0 0, L_0000000002f8f300;  1 drivers
v0000000002f8e660_0 .net "e", 0 0, L_0000000002f8f370;  1 drivers
v0000000002f8e8e0_0 .net "f", 0 0, L_0000000002f8f500;  1 drivers
v0000000002f8ea20_0 .net "g", 0 0, L_0000000002f8f570;  1 drivers
v0000000002f8eb60_0 .net "h", 0 0, L_0000000002f8f5e0;  1 drivers
S_000000000307e040 .scope module, "t" "logic_gates" 2 15, 2 1 0, S_0000000002f3c100;
 .timescale 0 0;
    .port_info 0 /INPUT 1 "a"
    .port_info 1 /INPUT 1 "b"
    .port_info 2 /OUTPUT 1 "c"
    .port_info 3 /OUTPUT 1 "d"
    .port_info 4 /OUTPUT 1 "e"
    .port_info 5 /OUTPUT 1 "f"
    .port_info 6 /OUTPUT 1 "g"
    .port_info 7 /OUTPUT 1 "h"
L_000000000307e3a0 .functor AND 1, v0000000002f8f100_0, v0000000002f8e7a0_0, C4<1>, C4<1>;
L_0000000002f8f300 .functor OR 1, v0000000002f8f100_0, v0000000002f8e7a0_0, C4<0>, C4<0>;
L_0000000002f8f370 .functor NAND 1, v0000000002f8f100_0, v0000000002f8e7a0_0, C4<1>, C4<1>;
L_0000000002f8f500 .functor NOR 1, v0000000002f8f100_0, v0000000002f8e7a0_0, C4<0>, C4<0>;
L_0000000002f8f570 .functor XOR 1, v0000000002f8f100_0, v0000000002f8e7a0_0, C4<0>, C4<0>;
L_0000000002f8f5e0 .functor NOT 1, v0000000002f8f100_0, C4<0>, C4<0>, C4<0>;
v0000000002f3c280_0 .net "a", 0 0, v0000000002f8f100_0;  1 drivers
v000000000307e1c0_0 .net "b", 0 0, v0000000002f8e7a0_0;  1 drivers
v000000000307e260_0 .net "c", 0 0, L_000000000307e3a0;  alias, 1 drivers
v000000000307e300_0 .net "d", 0 0, L_0000000002f8f300;  alias, 1 drivers
v0000000002f8f240_0 .net "e", 0 0, L_0000000002f8f370;  alias, 1 drivers
v0000000002f8e840_0 .net "f", 0 0, L_0000000002f8f500;  alias, 1 drivers
v0000000002f8eac0_0 .net "g", 0 0, L_0000000002f8f570;  alias, 1 drivers
v0000000002f8e700_0 .net "h", 0 0, L_0000000002f8f5e0;  alias, 1 drivers
    .scope S_0000000002f3c100;
T_0 ;
    %vpi_call 2 17 "$dumpfile", "q1a.vcd" {0 0 0};
    %vpi_call 2 18 "$dumpvars", 32'sb00000000000000000000000000000000, S_0000000002f3c100 {0 0 0};
    %vpi_call 2 19 "$monitor", "a=%b,b=%b,and=%b,or=%b,nand=%b,nor=%b,xor=%b,not=%b", v0000000002f8f100_0, v0000000002f8e7a0_0, v0000000002f8e340_0, v0000000002f8efc0_0, v0000000002f8e660_0, v0000000002f8e8e0_0, v0000000002f8ea20_0, v0000000002f8eb60_0 {0 0 0};
    %pushi/vec4 0, 0, 1;
    %store/vec4 v0000000002f8f100_0, 0, 1;
    %pushi/vec4 0, 0, 1;
    %store/vec4 v0000000002f8e7a0_0, 0, 1;
    %delay 10, 0;
    %pushi/vec4 1, 0, 1;
    %store/vec4 v0000000002f8f100_0, 0, 1;
    %pushi/vec4 0, 0, 1;
    %store/vec4 v0000000002f8e7a0_0, 0, 1;
    %delay 10, 0;
    %pushi/vec4 0, 0, 1;
    %store/vec4 v0000000002f8f100_0, 0, 1;
    %pushi/vec4 1, 0, 1;
    %store/vec4 v0000000002f8e7a0_0, 0, 1;
    %delay 10, 0;
    %pushi/vec4 1, 0, 1;
    %store/vec4 v0000000002f8f100_0, 0, 1;
    %pushi/vec4 1, 0, 1;
    %store/vec4 v0000000002f8e7a0_0, 0, 1;
    %delay 10, 0;
    %vpi_call 2 23 "$finish" {0 0 0};
    %end;
    .thread T_0;
# The file index is used to find the file name in the following table.
:file_names 3;
    "N/A";
    "<interactive>";
    "q1a.v";
