#! c:/iverilog-x64/bin/vvp
:ivl_version "10.1 (stable)" "(v10_1_1)";
:ivl_delay_selection "TYPICAL";
:vpi_time_precision + 0;
:vpi_module "system";
:vpi_module "vhdl_sys";
:vpi_module "v2005_math";
:vpi_module "va_math";
S_0000000002f39c60 .scope module, "test" "test" 2 8;
 .timescale 0 0;
v0000000002f02a20_0 .var "a", 0 0;
v0000000002f02ac0_0 .var "b", 0 0;
v0000000002f02b60_0 .net "c", 0 0, L_0000000002f35dc0;  1 drivers
v0000000002f02c00_0 .net "d", 0 0, L_0000000002f02ca0;  1 drivers
S_0000000002f39de0 .scope module, "ha" "halfadder" 2 11, 2 1 0, S_0000000002f39c60;
 .timescale 0 0;
    .port_info 0 /INPUT 1 "num1"
    .port_info 1 /INPUT 1 "num2"
    .port_info 2 /OUTPUT 1 "sum"
    .port_info 3 /OUTPUT 1 "carry"
L_0000000002f35dc0 .functor XOR 1, v0000000002f02a20_0, v0000000002f02ac0_0, C4<0>, C4<0>;
L_0000000002f02ca0 .functor AND 1, v0000000002f02a20_0, v0000000002f02ac0_0, C4<1>, C4<1>;
v0000000002f37600_0 .net "carry", 0 0, L_0000000002f02ca0;  alias, 1 drivers
v0000000002f35d20_0 .net "num1", 0 0, v0000000002f02a20_0;  1 drivers
v0000000002f38970_0 .net "num2", 0 0, v0000000002f02ac0_0;  1 drivers
v0000000002f38a10_0 .net "sum", 0 0, L_0000000002f35dc0;  alias, 1 drivers
    .scope S_0000000002f39c60;
T_0 ;
    %vpi_call 2 13 "$dumpfile", "q2a.vcd" {0 0 0};
    %vpi_call 2 14 "$dumpvars", 32'sb00000000000000000000000000000000, S_0000000002f39c60 {0 0 0};
    %vpi_call 2 15 "$display", "a b c d" {0 0 0};
    %vpi_call 2 16 "$monitor", "%b %b %b %b", v0000000002f02a20_0, v0000000002f02ac0_0, v0000000002f02b60_0, v0000000002f02c00_0 {0 0 0};
    %pushi/vec4 0, 0, 1;
    %store/vec4 v0000000002f02a20_0, 0, 1;
    %pushi/vec4 0, 0, 1;
    %store/vec4 v0000000002f02ac0_0, 0, 1;
    %delay 10, 0;
    %pushi/vec4 0, 0, 1;
    %store/vec4 v0000000002f02a20_0, 0, 1;
    %pushi/vec4 1, 0, 1;
    %store/vec4 v0000000002f02ac0_0, 0, 1;
    %delay 10, 0;
    %pushi/vec4 1, 0, 1;
    %store/vec4 v0000000002f02a20_0, 0, 1;
    %pushi/vec4 0, 0, 1;
    %store/vec4 v0000000002f02ac0_0, 0, 1;
    %delay 10, 0;
    %pushi/vec4 1, 0, 1;
    %store/vec4 v0000000002f02a20_0, 0, 1;
    %pushi/vec4 1, 0, 1;
    %store/vec4 v0000000002f02ac0_0, 0, 1;
    %delay 10, 0;
    %vpi_call 2 20 "$finish" {0 0 0};
    %end;
    .thread T_0;
# The file index is used to find the file name in the following table.
:file_names 3;
    "N/A";
    "<interactive>";
    "q2a.v";
