#! c:/iverilog-x64/bin/vvp
:ivl_version "10.1 (stable)" "(v10_1_1)";
:ivl_delay_selection "TYPICAL";
:vpi_time_precision + 0;
:vpi_module "system";
:vpi_module "vhdl_sys";
:vpi_module "v2005_math";
:vpi_module "va_math";
S_000000000286bef0 .scope module, "test" "test" 2 8;
 .timescale 0 0;
v00000000028c15c0_0 .var "a", 0 0;
v00000000028c1660_0 .var "b", 0 0;
v00000000028c1700_0 .var "c", 0 0;
v00000000028c17a0_0 .net "d", 0 0, L_00000000028335e0;  1 drivers
v00000000028c1840_0 .net "e", 0 0, L_00000000028c1a30;  1 drivers
S_00000000001fd3f0 .scope module, "fa" "fulladder" 2 11, 2 1 0, S_000000000286bef0;
 .timescale 0 0;
    .port_info 0 /INPUT 1 "num1"
    .port_info 1 /INPUT 1 "num2"
    .port_info 2 /INPUT 1 "num3"
    .port_info 3 /OUTPUT 1 "sum"
    .port_info 4 /OUTPUT 1 "carry"
L_000000000286b890 .functor XOR 1, v00000000028c15c0_0, v00000000028c1660_0, C4<0>, C4<0>;
L_00000000028335e0 .functor XOR 1, L_000000000286b890, v00000000028c1700_0, C4<0>, C4<0>;
L_000000000286bd30 .functor AND 1, v00000000028c15c0_0, v00000000028c1660_0, C4<1>, C4<1>;
L_00000000028c18e0 .functor AND 1, v00000000028c1660_0, v00000000028c1700_0, C4<1>, C4<1>;
L_00000000028c1950 .functor OR 1, L_000000000286bd30, L_00000000028c18e0, C4<0>, C4<0>;
L_00000000028c19c0 .functor AND 1, v00000000028c15c0_0, v00000000028c1700_0, C4<1>, C4<1>;
L_00000000028c1a30 .functor OR 1, L_00000000028c1950, L_00000000028c19c0, C4<0>, C4<0>;
v000000000286ba20_0 .net *"_s0", 0 0, L_000000000286b890;  1 drivers
v000000000286b7f0_0 .net *"_s10", 0 0, L_00000000028c19c0;  1 drivers
v000000000286bc90_0 .net *"_s4", 0 0, L_000000000286bd30;  1 drivers
v00000000001fd570_0 .net *"_s6", 0 0, L_00000000028c18e0;  1 drivers
v00000000001fd610_0 .net *"_s8", 0 0, L_00000000028c1950;  1 drivers
v00000000001fd6b0_0 .net "carry", 0 0, L_00000000028c1a30;  alias, 1 drivers
v00000000001fd750_0 .net "num1", 0 0, v00000000028c15c0_0;  1 drivers
v00000000028c13e0_0 .net "num2", 0 0, v00000000028c1660_0;  1 drivers
v00000000028c1480_0 .net "num3", 0 0, v00000000028c1700_0;  1 drivers
v00000000028c1520_0 .net "sum", 0 0, L_00000000028335e0;  alias, 1 drivers
    .scope S_000000000286bef0;
T_0 ;
    %vpi_call 2 13 "$dumpfile", "q3a.vcd" {0 0 0};
    %vpi_call 2 14 "$dumpvars", 32'sb00000000000000000000000000000000, S_000000000286bef0 {0 0 0};
    %vpi_call 2 15 "$display", "a b c\011d e" {0 0 0};
    %vpi_call 2 16 "$monitor", "%b %b %b\011%b %b", v00000000028c15c0_0, v00000000028c1660_0, v00000000028c1700_0, v00000000028c17a0_0, v00000000028c1840_0 {0 0 0};
    %pushi/vec4 0, 0, 1;
    %store/vec4 v00000000028c15c0_0, 0, 1;
    %pushi/vec4 0, 0, 1;
    %store/vec4 v00000000028c1660_0, 0, 1;
    %pushi/vec4 0, 0, 1;
    %store/vec4 v00000000028c1700_0, 0, 1;
    %delay 10, 0;
    %pushi/vec4 0, 0, 1;
    %store/vec4 v00000000028c15c0_0, 0, 1;
    %pushi/vec4 0, 0, 1;
    %store/vec4 v00000000028c1660_0, 0, 1;
    %pushi/vec4 1, 0, 1;
    %store/vec4 v00000000028c1700_0, 0, 1;
    %delay 10, 0;
    %pushi/vec4 0, 0, 1;
    %store/vec4 v00000000028c15c0_0, 0, 1;
    %pushi/vec4 1, 0, 1;
    %store/vec4 v00000000028c1660_0, 0, 1;
    %pushi/vec4 0, 0, 1;
    %store/vec4 v00000000028c1700_0, 0, 1;
    %delay 10, 0;
    %pushi/vec4 0, 0, 1;
    %store/vec4 v00000000028c15c0_0, 0, 1;
    %pushi/vec4 1, 0, 1;
    %store/vec4 v00000000028c1660_0, 0, 1;
    %pushi/vec4 1, 0, 1;
    %store/vec4 v00000000028c1700_0, 0, 1;
    %delay 10, 0;
    %pushi/vec4 1, 0, 1;
    %store/vec4 v00000000028c15c0_0, 0, 1;
    %pushi/vec4 0, 0, 1;
    %store/vec4 v00000000028c1660_0, 0, 1;
    %pushi/vec4 0, 0, 1;
    %store/vec4 v00000000028c1700_0, 0, 1;
    %delay 10, 0;
    %pushi/vec4 1, 0, 1;
    %store/vec4 v00000000028c15c0_0, 0, 1;
    %pushi/vec4 0, 0, 1;
    %store/vec4 v00000000028c1660_0, 0, 1;
    %pushi/vec4 1, 0, 1;
    %store/vec4 v00000000028c1700_0, 0, 1;
    %delay 10, 0;
    %pushi/vec4 1, 0, 1;
    %store/vec4 v00000000028c15c0_0, 0, 1;
    %pushi/vec4 1, 0, 1;
    %store/vec4 v00000000028c1660_0, 0, 1;
    %pushi/vec4 0, 0, 1;
    %store/vec4 v00000000028c1700_0, 0, 1;
    %delay 10, 0;
    %pushi/vec4 1, 0, 1;
    %store/vec4 v00000000028c15c0_0, 0, 1;
    %pushi/vec4 1, 0, 1;
    %store/vec4 v00000000028c1660_0, 0, 1;
    %pushi/vec4 1, 0, 1;
    %store/vec4 v00000000028c1700_0, 0, 1;
    %delay 10, 0;
    %vpi_call 2 24 "$finish" {0 0 0};
    %end;
    .thread T_0;
# The file index is used to find the file name in the following table.
:file_names 3;
    "N/A";
    "<interactive>";
    "q3a.v";
