#! c:/iverilog-x64/bin/vvp
:ivl_version "10.1 (stable)" "(v10_1_1)";
:ivl_delay_selection "TYPICAL";
:vpi_time_precision + 0;
:vpi_module "system";
:vpi_module "vhdl_sys";
:vpi_module "v2005_math";
:vpi_module "va_math";
S_00000000047baaf0 .scope module, "test" "test" 2 7;
 .timescale 0 0;
v000000000480ce90_0 .var "a", 0 0;
v000000000480cf30_0 .var "b", 0 0;
v0000000004782a20_0 .var "c", 0 0;
v0000000004782ac0_0 .net "o", 0 0, L_0000000004782b60;  1 drivers
S_00000000047bac70 .scope module, "t" "mux" 2 10, 2 1 0, S_00000000047baaf0;
 .timescale 0 0;
    .port_info 0 /INPUT 1 "inp1"
    .port_info 1 /INPUT 1 "inp2"
    .port_info 2 /INPUT 1 "sel"
    .port_info 3 /OUTPUT 1 "out"
v00000000047ba8c0_0 .net "inp1", 0 0, v000000000480cf30_0;  1 drivers
v000000000480ccb0_0 .net "inp2", 0 0, v0000000004782a20_0;  1 drivers
v000000000480cd50_0 .net "out", 0 0, L_0000000004782b60;  alias, 1 drivers
v000000000480cdf0_0 .net "sel", 0 0, v000000000480ce90_0;  1 drivers
L_0000000004782b60 .functor MUXZ 1, v000000000480cf30_0, v0000000004782a20_0, v000000000480ce90_0, C4<>;
    .scope S_00000000047baaf0;
T_0 ;
    %vpi_call 2 12 "$dumpfile", "q4.vcd" {0 0 0};
    %vpi_call 2 13 "$dumpvars", 32'sb00000000000000000000000000000000, S_00000000047baaf0 {0 0 0};
    %vpi_call 2 14 "$display", "select\011input1\011input2\011output" {0 0 0};
    %vpi_call 2 15 "$monitor", "%b\011\011%b\011\011%b\011\011%b", v000000000480ce90_0, v000000000480cf30_0, v0000000004782a20_0, v0000000004782ac0_0 {0 0 0};
    %pushi/vec4 0, 0, 1;
    %store/vec4 v000000000480ce90_0, 0, 1;
    %pushi/vec4 0, 0, 1;
    %store/vec4 v000000000480cf30_0, 0, 1;
    %pushi/vec4 0, 0, 1;
    %store/vec4 v0000000004782a20_0, 0, 1;
    %delay 10, 0;
    %pushi/vec4 0, 0, 1;
    %store/vec4 v000000000480ce90_0, 0, 1;
    %pushi/vec4 0, 0, 1;
    %store/vec4 v000000000480cf30_0, 0, 1;
    %pushi/vec4 1, 0, 1;
    %store/vec4 v0000000004782a20_0, 0, 1;
    %delay 10, 0;
    %pushi/vec4 0, 0, 1;
    %store/vec4 v000000000480ce90_0, 0, 1;
    %pushi/vec4 1, 0, 1;
    %store/vec4 v000000000480cf30_0, 0, 1;
    %pushi/vec4 0, 0, 1;
    %store/vec4 v0000000004782a20_0, 0, 1;
    %delay 10, 0;
    %pushi/vec4 0, 0, 1;
    %store/vec4 v000000000480ce90_0, 0, 1;
    %pushi/vec4 1, 0, 1;
    %store/vec4 v000000000480cf30_0, 0, 1;
    %pushi/vec4 1, 0, 1;
    %store/vec4 v0000000004782a20_0, 0, 1;
    %delay 10, 0;
    %pushi/vec4 1, 0, 1;
    %store/vec4 v000000000480ce90_0, 0, 1;
    %pushi/vec4 0, 0, 1;
    %store/vec4 v000000000480cf30_0, 0, 1;
    %pushi/vec4 0, 0, 1;
    %store/vec4 v0000000004782a20_0, 0, 1;
    %delay 10, 0;
    %pushi/vec4 1, 0, 1;
    %store/vec4 v000000000480ce90_0, 0, 1;
    %pushi/vec4 0, 0, 1;
    %store/vec4 v000000000480cf30_0, 0, 1;
    %pushi/vec4 1, 0, 1;
    %store/vec4 v0000000004782a20_0, 0, 1;
    %delay 10, 0;
    %pushi/vec4 1, 0, 1;
    %store/vec4 v000000000480ce90_0, 0, 1;
    %pushi/vec4 1, 0, 1;
    %store/vec4 v000000000480cf30_0, 0, 1;
    %pushi/vec4 0, 0, 1;
    %store/vec4 v0000000004782a20_0, 0, 1;
    %delay 10, 0;
    %pushi/vec4 1, 0, 1;
    %store/vec4 v000000000480ce90_0, 0, 1;
    %pushi/vec4 1, 0, 1;
    %store/vec4 v000000000480cf30_0, 0, 1;
    %pushi/vec4 1, 0, 1;
    %store/vec4 v0000000004782a20_0, 0, 1;
    %delay 10, 0;
    %vpi_call 2 23 "$finish" {0 0 0};
    %end;
    .thread T_0;
# The file index is used to find the file name in the following table.
:file_names 3;
    "N/A";
    "<interactive>";
    "q4.v";
