#! c:/iverilog-x64/bin/vvp
:ivl_version "10.1 (stable)" "(v10_1_1)";
:ivl_delay_selection "TYPICAL";
:vpi_time_precision + 0;
:vpi_module "system";
:vpi_module "vhdl_sys";
:vpi_module "v2005_math";
:vpi_module "va_math";
S_0000000002f3e7d0 .scope module, "test" "test" 2 23;
 .timescale 0 0;
v000000000306eca0_0 .var "inp", 0 0;
v000000000306ed40_0 .net "out", 3 0, v0000000002f3e950_0;  1 drivers
v000000000306ede0_0 .var "sel", 1 0;
S_000000000306ea80 .scope module, "t" "demux" 2 27, 2 1 0, S_0000000002f3e7d0;
 .timescale 0 0;
    .port_info 0 /INPUT 1 "inp"
    .port_info 1 /INPUT 2 "sel"
    .port_info 2 /OUTPUT 4 "out"
v0000000002f3e490_0 .net "inp", 0 0, v000000000306eca0_0;  1 drivers
v0000000002f3e950_0 .var "out", 3 0;
v000000000306ec00_0 .net "sel", 1 0, v000000000306ede0_0;  1 drivers
E_0000000002f403b0 .event edge, v000000000306ec00_0, v0000000002f3e490_0;
    .scope S_000000000306ea80;
T_0 ;
    %wait E_0000000002f403b0;
    %pushi/vec4 0, 0, 1;
    %ix/load 4, 0, 0;
    %flag_set/imm 4, 0;
    %store/vec4 v0000000002f3e950_0, 4, 1;
    %pushi/vec4 0, 0, 1;
    %ix/load 4, 1, 0;
    %flag_set/imm 4, 0;
    %store/vec4 v0000000002f3e950_0, 4, 1;
    %pushi/vec4 0, 0, 1;
    %ix/load 4, 2, 0;
    %flag_set/imm 4, 0;
    %store/vec4 v0000000002f3e950_0, 4, 1;
    %pushi/vec4 0, 0, 1;
    %ix/load 4, 3, 0;
    %flag_set/imm 4, 0;
    %store/vec4 v0000000002f3e950_0, 4, 1;
    %load/vec4 v000000000306ec00_0;
    %cmpi/e 0, 0, 2;
    %jmp/0xz  T_0.0, 4;
    %load/vec4 v0000000002f3e490_0;
    %ix/load 4, 0, 0;
    %flag_set/imm 4, 0;
    %store/vec4 v0000000002f3e950_0, 4, 1;
    %jmp T_0.1;
T_0.0 ;
    %load/vec4 v000000000306ec00_0;
    %cmpi/e 1, 0, 2;
    %jmp/0xz  T_0.2, 4;
    %load/vec4 v0000000002f3e490_0;
    %ix/load 4, 1, 0;
    %flag_set/imm 4, 0;
    %store/vec4 v0000000002f3e950_0, 4, 1;
    %jmp T_0.3;
T_0.2 ;
    %load/vec4 v000000000306ec00_0;
    %cmpi/e 2, 0, 2;
    %jmp/0xz  T_0.4, 4;
    %load/vec4 v0000000002f3e490_0;
    %ix/load 4, 2, 0;
    %flag_set/imm 4, 0;
    %store/vec4 v0000000002f3e950_0, 4, 1;
    %jmp T_0.5;
T_0.4 ;
    %load/vec4 v0000000002f3e490_0;
    %ix/load 4, 3, 0;
    %flag_set/imm 4, 0;
    %store/vec4 v0000000002f3e950_0, 4, 1;
T_0.5 ;
T_0.3 ;
T_0.1 ;
    %jmp T_0;
    .thread T_0, $push;
    .scope S_0000000002f3e7d0;
T_1 ;
    %vpi_call 2 29 "$dumpfile", "q5.vcd" {0 0 0};
    %vpi_call 2 30 "$dumpvars", 32'sb00000000000000000000000000000000, S_0000000002f3e7d0 {0 0 0};
    %vpi_call 2 31 "$display", "input\011sel1\011sel0\011o0\011o1\011o2\011o3" {0 0 0};
    %vpi_call 2 32 "$monitor", "%b\011\011%b\011\011%b\011\011%b\011%b\011%b\011%b", v000000000306eca0_0, &PV<v000000000306ede0_0, 1, 1>, &PV<v000000000306ede0_0, 0, 1>, &PV<v000000000306ed40_0, 0, 1>, &PV<v000000000306ed40_0, 1, 1>, &PV<v000000000306ed40_0, 2, 1>, &PV<v000000000306ed40_0, 3, 1> {0 0 0};
    %pushi/vec4 0, 0, 1;
    %store/vec4 v000000000306eca0_0, 0, 1;
    %pushi/vec4 0, 0, 1;
    %ix/load 4, 0, 0;
    %flag_set/imm 4, 0;
    %store/vec4 v000000000306ede0_0, 4, 1;
    %pushi/vec4 0, 0, 1;
    %ix/load 4, 1, 0;
    %flag_set/imm 4, 0;
    %store/vec4 v000000000306ede0_0, 4, 1;
    %delay 10, 0;
    %pushi/vec4 0, 0, 1;
    %store/vec4 v000000000306eca0_0, 0, 1;
    %pushi/vec4 0, 0, 1;
    %ix/load 4, 0, 0;
    %flag_set/imm 4, 0;
    %store/vec4 v000000000306ede0_0, 4, 1;
    %pushi/vec4 1, 0, 1;
    %ix/load 4, 1, 0;
    %flag_set/imm 4, 0;
    %store/vec4 v000000000306ede0_0, 4, 1;
    %delay 10, 0;
    %pushi/vec4 0, 0, 1;
    %store/vec4 v000000000306eca0_0, 0, 1;
    %pushi/vec4 1, 0, 1;
    %ix/load 4, 0, 0;
    %flag_set/imm 4, 0;
    %store/vec4 v000000000306ede0_0, 4, 1;
    %pushi/vec4 0, 0, 1;
    %ix/load 4, 1, 0;
    %flag_set/imm 4, 0;
    %store/vec4 v000000000306ede0_0, 4, 1;
    %delay 10, 0;
    %pushi/vec4 0, 0, 1;
    %store/vec4 v000000000306eca0_0, 0, 1;
    %pushi/vec4 1, 0, 1;
    %ix/load 4, 0, 0;
    %flag_set/imm 4, 0;
    %store/vec4 v000000000306ede0_0, 4, 1;
    %pushi/vec4 1, 0, 1;
    %ix/load 4, 1, 0;
    %flag_set/imm 4, 0;
    %store/vec4 v000000000306ede0_0, 4, 1;
    %delay 10, 0;
    %pushi/vec4 1, 0, 1;
    %store/vec4 v000000000306eca0_0, 0, 1;
    %pushi/vec4 0, 0, 1;
    %ix/load 4, 0, 0;
    %flag_set/imm 4, 0;
    %store/vec4 v000000000306ede0_0, 4, 1;
    %pushi/vec4 0, 0, 1;
    %ix/load 4, 1, 0;
    %flag_set/imm 4, 0;
    %store/vec4 v000000000306ede0_0, 4, 1;
    %delay 10, 0;
    %pushi/vec4 1, 0, 1;
    %store/vec4 v000000000306eca0_0, 0, 1;
    %pushi/vec4 0, 0, 1;
    %ix/load 4, 0, 0;
    %flag_set/imm 4, 0;
    %store/vec4 v000000000306ede0_0, 4, 1;
    %pushi/vec4 1, 0, 1;
    %ix/load 4, 1, 0;
    %flag_set/imm 4, 0;
    %store/vec4 v000000000306ede0_0, 4, 1;
    %delay 10, 0;
    %pushi/vec4 1, 0, 1;
    %store/vec4 v000000000306eca0_0, 0, 1;
    %pushi/vec4 1, 0, 1;
    %ix/load 4, 0, 0;
    %flag_set/imm 4, 0;
    %store/vec4 v000000000306ede0_0, 4, 1;
    %pushi/vec4 0, 0, 1;
    %ix/load 4, 1, 0;
    %flag_set/imm 4, 0;
    %store/vec4 v000000000306ede0_0, 4, 1;
    %delay 10, 0;
    %pushi/vec4 1, 0, 1;
    %store/vec4 v000000000306eca0_0, 0, 1;
    %pushi/vec4 1, 0, 1;
    %ix/load 4, 0, 0;
    %flag_set/imm 4, 0;
    %store/vec4 v000000000306ede0_0, 4, 1;
    %pushi/vec4 1, 0, 1;
    %ix/load 4, 1, 0;
    %flag_set/imm 4, 0;
    %store/vec4 v000000000306ede0_0, 4, 1;
    %delay 10, 0;
    %vpi_call 2 40 "$finish" {0 0 0};
    %end;
    .thread T_1;
# The file index is used to find the file name in the following table.
:file_names 3;
    "N/A";
    "<interactive>";
    "q5.v";
