#! c:/iverilog-x64/bin/vvp
:ivl_version "10.1 (stable)" "(v10_1_1)";
:ivl_delay_selection "TYPICAL";
:vpi_time_precision + 0;
:vpi_module "system";
:vpi_module "vhdl_sys";
:vpi_module "v2005_math";
:vpi_module "va_math";
S_0000000004896e00 .scope module, "test" "test" 2 22;
 .timescale 0 0;
v000000000309e230_0 .var "inp", 3 0;
v000000000309e2d0_0 .net "out", 0 0, v000000000309e0f0_0;  1 drivers
v0000000004852a20_0 .var "sel", 1 0;
S_000000000309df70 .scope module, "t" "mux4" 2 26, 2 1 0, S_0000000004896e00;
 .timescale 0 0;
    .port_info 0 /INPUT 4 "inp"
    .port_info 1 /INPUT 2 "sel"
    .port_info 2 /OUTPUT 1 "out"
v0000000004895870_0 .net "inp", 3 0, v000000000309e230_0;  1 drivers
v000000000309e0f0_0 .var "out", 0 0;
v000000000309e190_0 .net "sel", 1 0, v0000000004852a20_0;  1 drivers
E_000000000489cbc0 .event edge, v000000000309e190_0, v0000000004895870_0;
    .scope S_000000000309df70;
T_0 ;
    %wait E_000000000489cbc0;
    %load/vec4 v000000000309e190_0;
    %cmpi/e 0, 0, 2;
    %jmp/0xz  T_0.0, 4;
    %load/vec4 v0000000004895870_0;
    %parti/s 1, 0, 2;
    %store/vec4 v000000000309e0f0_0, 0, 1;
    %jmp T_0.1;
T_0.0 ;
    %load/vec4 v000000000309e190_0;
    %cmpi/e 1, 0, 2;
    %jmp/0xz  T_0.2, 4;
    %load/vec4 v0000000004895870_0;
    %parti/s 1, 1, 2;
    %store/vec4 v000000000309e0f0_0, 0, 1;
    %jmp T_0.3;
T_0.2 ;
    %load/vec4 v000000000309e190_0;
    %cmpi/e 2, 0, 2;
    %jmp/0xz  T_0.4, 4;
    %load/vec4 v0000000004895870_0;
    %parti/s 1, 2, 3;
    %store/vec4 v000000000309e0f0_0, 0, 1;
    %jmp T_0.5;
T_0.4 ;
    %load/vec4 v0000000004895870_0;
    %parti/s 1, 3, 3;
    %store/vec4 v000000000309e0f0_0, 0, 1;
T_0.5 ;
T_0.3 ;
T_0.1 ;
    %jmp T_0;
    .thread T_0, $push;
    .scope S_0000000004896e00;
T_1 ;
    %vpi_call 2 28 "$dumpfile", "q6.vcd" {0 0 0};
    %vpi_call 2 29 "$dumpvars", 32'sb00000000000000000000000000000000, S_0000000004896e00 {0 0 0};
    %vpi_call 2 30 "$display", "input1\011input2\011input3\011input4\011sel1\011sel0\011out" {0 0 0};
    %vpi_call 2 31 "$monitor", "%b\011\011%b\011\011%b\011\011%b\011\011%b\011\011%b\011\011%b", &PV<v000000000309e230_0, 0, 1>, &PV<v000000000309e230_0, 1, 1>, &PV<v000000000309e230_0, 2, 1>, &PV<v000000000309e230_0, 3, 1>, &PV<v0000000004852a20_0, 1, 1>, &PV<v0000000004852a20_0, 0, 1>, v000000000309e2d0_0 {0 0 0};
    %pushi/vec4 0, 0, 2;
    %store/vec4 v0000000004852a20_0, 0, 2;
    %pushi/vec4 0, 0, 4;
    %store/vec4 v000000000309e230_0, 0, 4;
    %delay 10, 0;
    %pushi/vec4 1, 0, 4;
    %store/vec4 v000000000309e230_0, 0, 4;
    %delay 10, 0;
    %pushi/vec4 2, 0, 4;
    %store/vec4 v000000000309e230_0, 0, 4;
    %delay 10, 0;
    %pushi/vec4 3, 0, 4;
    %store/vec4 v000000000309e230_0, 0, 4;
    %delay 10, 0;
    %pushi/vec4 4, 0, 4;
    %store/vec4 v000000000309e230_0, 0, 4;
    %delay 10, 0;
    %pushi/vec4 5, 0, 4;
    %store/vec4 v000000000309e230_0, 0, 4;
    %delay 10, 0;
    %pushi/vec4 6, 0, 4;
    %store/vec4 v000000000309e230_0, 0, 4;
    %delay 10, 0;
    %pushi/vec4 7, 0, 4;
    %store/vec4 v000000000309e230_0, 0, 4;
    %delay 10, 0;
    %pushi/vec4 8, 0, 4;
    %store/vec4 v000000000309e230_0, 0, 4;
    %delay 10, 0;
    %pushi/vec4 9, 0, 4;
    %store/vec4 v000000000309e230_0, 0, 4;
    %delay 10, 0;
    %pushi/vec4 10, 0, 4;
    %store/vec4 v000000000309e230_0, 0, 4;
    %delay 10, 0;
    %pushi/vec4 11, 0, 4;
    %store/vec4 v000000000309e230_0, 0, 4;
    %delay 10, 0;
    %pushi/vec4 12, 0, 4;
    %store/vec4 v000000000309e230_0, 0, 4;
    %delay 10, 0;
    %pushi/vec4 13, 0, 4;
    %store/vec4 v000000000309e230_0, 0, 4;
    %delay 10, 0;
    %pushi/vec4 14, 0, 4;
    %store/vec4 v000000000309e230_0, 0, 4;
    %delay 10, 0;
    %pushi/vec4 15, 0, 4;
    %store/vec4 v000000000309e230_0, 0, 4;
    %delay 10, 0;
    %pushi/vec4 1, 0, 2;
    %store/vec4 v0000000004852a20_0, 0, 2;
    %pushi/vec4 0, 0, 4;
    %store/vec4 v000000000309e230_0, 0, 4;
    %delay 10, 0;
    %pushi/vec4 1, 0, 4;
    %store/vec4 v000000000309e230_0, 0, 4;
    %delay 10, 0;
    %pushi/vec4 2, 0, 4;
    %store/vec4 v000000000309e230_0, 0, 4;
    %delay 10, 0;
    %pushi/vec4 3, 0, 4;
    %store/vec4 v000000000309e230_0, 0, 4;
    %delay 10, 0;
    %pushi/vec4 4, 0, 4;
    %store/vec4 v000000000309e230_0, 0, 4;
    %delay 10, 0;
    %pushi/vec4 5, 0, 4;
    %store/vec4 v000000000309e230_0, 0, 4;
    %delay 10, 0;
    %pushi/vec4 6, 0, 4;
    %store/vec4 v000000000309e230_0, 0, 4;
    %delay 10, 0;
    %pushi/vec4 7, 0, 4;
    %store/vec4 v000000000309e230_0, 0, 4;
    %delay 10, 0;
    %pushi/vec4 8, 0, 4;
    %store/vec4 v000000000309e230_0, 0, 4;
    %delay 10, 0;
    %pushi/vec4 9, 0, 4;
    %store/vec4 v000000000309e230_0, 0, 4;
    %delay 10, 0;
    %pushi/vec4 10, 0, 4;
    %store/vec4 v000000000309e230_0, 0, 4;
    %delay 10, 0;
    %pushi/vec4 11, 0, 4;
    %store/vec4 v000000000309e230_0, 0, 4;
    %delay 10, 0;
    %pushi/vec4 12, 0, 4;
    %store/vec4 v000000000309e230_0, 0, 4;
    %delay 10, 0;
    %pushi/vec4 13, 0, 4;
    %store/vec4 v000000000309e230_0, 0, 4;
    %delay 10, 0;
    %pushi/vec4 14, 0, 4;
    %store/vec4 v000000000309e230_0, 0, 4;
    %delay 10, 0;
    %pushi/vec4 15, 0, 4;
    %store/vec4 v000000000309e230_0, 0, 4;
    %delay 10, 0;
    %pushi/vec4 2, 0, 2;
    %store/vec4 v0000000004852a20_0, 0, 2;
    %pushi/vec4 0, 0, 4;
    %store/vec4 v000000000309e230_0, 0, 4;
    %delay 10, 0;
    %pushi/vec4 1, 0, 4;
    %store/vec4 v000000000309e230_0, 0, 4;
    %delay 10, 0;
    %pushi/vec4 2, 0, 4;
    %store/vec4 v000000000309e230_0, 0, 4;
    %delay 10, 0;
    %pushi/vec4 3, 0, 4;
    %store/vec4 v000000000309e230_0, 0, 4;
    %delay 10, 0;
    %pushi/vec4 4, 0, 4;
    %store/vec4 v000000000309e230_0, 0, 4;
    %delay 10, 0;
    %pushi/vec4 5, 0, 4;
    %store/vec4 v000000000309e230_0, 0, 4;
    %delay 10, 0;
    %pushi/vec4 6, 0, 4;
    %store/vec4 v000000000309e230_0, 0, 4;
    %delay 10, 0;
    %pushi/vec4 7, 0, 4;
    %store/vec4 v000000000309e230_0, 0, 4;
    %delay 10, 0;
    %pushi/vec4 8, 0, 4;
    %store/vec4 v000000000309e230_0, 0, 4;
    %delay 10, 0;
    %pushi/vec4 9, 0, 4;
    %store/vec4 v000000000309e230_0, 0, 4;
    %delay 10, 0;
    %pushi/vec4 10, 0, 4;
    %store/vec4 v000000000309e230_0, 0, 4;
    %delay 10, 0;
    %pushi/vec4 11, 0, 4;
    %store/vec4 v000000000309e230_0, 0, 4;
    %delay 10, 0;
    %pushi/vec4 12, 0, 4;
    %store/vec4 v000000000309e230_0, 0, 4;
    %delay 10, 0;
    %pushi/vec4 13, 0, 4;
    %store/vec4 v000000000309e230_0, 0, 4;
    %delay 10, 0;
    %pushi/vec4 14, 0, 4;
    %store/vec4 v000000000309e230_0, 0, 4;
    %delay 10, 0;
    %pushi/vec4 15, 0, 4;
    %store/vec4 v000000000309e230_0, 0, 4;
    %delay 10, 0;
    %pushi/vec4 3, 0, 2;
    %store/vec4 v0000000004852a20_0, 0, 2;
    %pushi/vec4 0, 0, 4;
    %store/vec4 v000000000309e230_0, 0, 4;
    %delay 10, 0;
    %pushi/vec4 1, 0, 4;
    %store/vec4 v000000000309e230_0, 0, 4;
    %delay 10, 0;
    %pushi/vec4 2, 0, 4;
    %store/vec4 v000000000309e230_0, 0, 4;
    %delay 10, 0;
    %pushi/vec4 3, 0, 4;
    %store/vec4 v000000000309e230_0, 0, 4;
    %delay 10, 0;
    %pushi/vec4 4, 0, 4;
    %store/vec4 v000000000309e230_0, 0, 4;
    %delay 10, 0;
    %pushi/vec4 5, 0, 4;
    %store/vec4 v000000000309e230_0, 0, 4;
    %delay 10, 0;
    %pushi/vec4 6, 0, 4;
    %store/vec4 v000000000309e230_0, 0, 4;
    %delay 10, 0;
    %pushi/vec4 7, 0, 4;
    %store/vec4 v000000000309e230_0, 0, 4;
    %delay 10, 0;
    %pushi/vec4 8, 0, 4;
    %store/vec4 v000000000309e230_0, 0, 4;
    %delay 10, 0;
    %pushi/vec4 9, 0, 4;
    %store/vec4 v000000000309e230_0, 0, 4;
    %delay 10, 0;
    %pushi/vec4 10, 0, 4;
    %store/vec4 v000000000309e230_0, 0, 4;
    %delay 10, 0;
    %pushi/vec4 11, 0, 4;
    %store/vec4 v000000000309e230_0, 0, 4;
    %delay 10, 0;
    %pushi/vec4 12, 0, 4;
    %store/vec4 v000000000309e230_0, 0, 4;
    %delay 10, 0;
    %pushi/vec4 13, 0, 4;
    %store/vec4 v000000000309e230_0, 0, 4;
    %delay 10, 0;
    %pushi/vec4 14, 0, 4;
    %store/vec4 v000000000309e230_0, 0, 4;
    %delay 10, 0;
    %pushi/vec4 15, 0, 4;
    %store/vec4 v000000000309e230_0, 0, 4;
    %delay 10, 0;
    %vpi_call 2 103 "$finish" {0 0 0};
    %end;
    .thread T_1;
# The file index is used to find the file name in the following table.
:file_names 3;
    "N/A";
    "<interactive>";
    "q6.v";
