#! c:/iverilog-x64/bin/vvp
:ivl_version "10.1 (stable)" "(v10_1_1)";
:ivl_delay_selection "TYPICAL";
:vpi_time_precision + 0;
:vpi_module "system";
:vpi_module "vhdl_sys";
:vpi_module "v2005_math";
:vpi_module "va_math";
S_00000000001cd220 .scope module, "test" "test" 2 16;
 .timescale 0 0;
v00000000047b72d0_0 .var "inp", 3 0;
v0000000004808cf0_0 .net "out", 1 0, v00000000001cd520_0;  1 drivers
S_00000000001cd3a0 .scope module, "t" "encoder" 2 19, 2 1 0, S_00000000001cd220;
 .timescale 0 0;
    .port_info 0 /INPUT 4 "inp"
    .port_info 1 /OUTPUT 2 "out"
v00000000047b6d30_0 .net "inp", 3 0, v00000000047b72d0_0;  1 drivers
v00000000001cd520_0 .var "out", 1 0;
E_00000000047b3730 .event edge, v00000000047b6d30_0;
    .scope S_00000000001cd3a0;
T_0 ;
    %wait E_00000000047b3730;
    %pushi/vec4 0, 0, 2;
    %store/vec4 v00000000001cd520_0, 0, 2;
    %load/vec4 v00000000047b6d30_0;
    %dup/vec4;
    %pushi/vec4 1, 0, 4;
    %cmp/u;
    %jmp/1 T_0.0, 6;
    %dup/vec4;
    %pushi/vec4 2, 0, 4;
    %cmp/u;
    %jmp/1 T_0.1, 6;
    %dup/vec4;
    %pushi/vec4 4, 0, 4;
    %cmp/u;
    %jmp/1 T_0.2, 6;
    %dup/vec4;
    %pushi/vec4 8, 0, 4;
    %cmp/u;
    %jmp/1 T_0.3, 6;
    %jmp T_0.4;
T_0.0 ;
    %pushi/vec4 0, 0, 2;
    %store/vec4 v00000000001cd520_0, 0, 2;
    %jmp T_0.4;
T_0.1 ;
    %pushi/vec4 1, 0, 2;
    %store/vec4 v00000000001cd520_0, 0, 2;
    %jmp T_0.4;
T_0.2 ;
    %pushi/vec4 2, 0, 2;
    %store/vec4 v00000000001cd520_0, 0, 2;
    %jmp T_0.4;
T_0.3 ;
    %pushi/vec4 3, 0, 2;
    %store/vec4 v00000000001cd520_0, 0, 2;
    %jmp T_0.4;
T_0.4 ;
    %pop/vec4 1;
    %jmp T_0;
    .thread T_0, $push;
    .scope S_00000000001cd220;
T_1 ;
    %vpi_call 2 21 "$dumpfile", "q9.vcd" {0 0 0};
    %vpi_call 2 22 "$dumpvars", 32'sb00000000000000000000000000000000, S_00000000001cd220 {0 0 0};
    %vpi_call 2 23 "$display", "input\011out" {0 0 0};
    %vpi_call 2 24 "$monitor", "%b\011%b", v00000000047b72d0_0, v0000000004808cf0_0 {0 0 0};
    %pushi/vec4 1, 0, 4;
    %store/vec4 v00000000047b72d0_0, 0, 4;
    %delay 10, 0;
    %pushi/vec4 2, 0, 4;
    %store/vec4 v00000000047b72d0_0, 0, 4;
    %delay 10, 0;
    %pushi/vec4 4, 0, 4;
    %store/vec4 v00000000047b72d0_0, 0, 4;
    %delay 10, 0;
    %pushi/vec4 8, 0, 4;
    %store/vec4 v00000000047b72d0_0, 0, 4;
    %delay 10, 0;
    %vpi_call 2 28 "$finish" {0 0 0};
    %end;
    .thread T_1;
# The file index is used to find the file name in the following table.
:file_names 3;
    "N/A";
    "<interactive>";
    "q9.v";
